Using pre-set license
Built from '2021.1/china_unity/release' branch; Version is '2021.1.5f1c1 (6e5a93ddf9be) revision 7232147'; Using compiler version '192528614'; Build Type 'Release'
OS: 'Windows 10 Pro; OS build 19041.685; Version 2004; 64bit' Language: 'zh' Physical Memory: 16333 MB
BatchMode: 1, IsHumanControllingUs: 0, StartBugReporterOnCrash: 0, Is64bit: 1, IsPro: 0

 COMMAND LINE ARGUMENTS:
D:\Unity\2021.1.5f1c1\Editor\Unity.exe
-adb2
-batchMode
-noUpm
-name
AssetImportWorker0
-projectPath
D:/GitHub/Getting-0ver-It-With-Caihua
-logFile
Logs/AssetImportWorker0.log
-srvPort
65263
Successfully changed project path to: D:/GitHub/Getting-0ver-It-With-Caihua
D:/GitHub/Getting-0ver-It-With-Caihua
Using Asset Import Pipeline V2.
Refreshing native plugins compatible for Editor in 76.32 ms, found 1 plugins.
Preloading 0 native plugins for Editor in 0.00 ms.
Initialize engine version: 2021.1.5f1c1 (6e5a93ddf9be)
[Subsystems] Discovering subsystems at path D:/Unity/2021.1.5f1c1/Editor/Data/Resources/UnitySubsystems
[Subsystems] Discovering subsystems at path D:/GitHub/Getting-0ver-It-With-Caihua/Assets
GfxDevice: creating device client; threaded=0; jobified=0
Direct3D:
    Version:  Direct3D 11.0 [level 11.1]
    Renderer: NVIDIA GeForce RTX 2060 SUPER (ID=0x1f06)
    Vendor:   NVIDIA
    VRAM:     8031 MB
    Driver:   27.21.14.6611
Initialize mono
Mono path[0] = 'D:/Unity/2021.1.5f1c1/Editor/Data/Managed'
Mono path[1] = 'D:/Unity/2021.1.5f1c1/Editor/Data/MonoBleedingEdge/lib/mono/unityjit'
Mono config path = 'D:/Unity/2021.1.5f1c1/Editor/Data/MonoBleedingEdge/etc'
Using monoOptions --debugger-agent=transport=dt_socket,embedding=1,server=y,suspend=n,address=127.0.0.1:56016
Begin MonoManager ReloadAssembly
Registering precompiled unity dll's ...
Register platform support module: D:/Unity/2021.1.5f1c1/Editor/Data/PlaybackEngines/WebGLSupport/UnityEditor.WebGL.Extensions.dll
Register platform support module: D:/Unity/2021.1.5f1c1/Editor/Data/PlaybackEngines/WindowsStandaloneSupport/UnityEditor.WindowsStandalone.Extensions.dll
Registered in 0.007260 seconds.
Native extension for WindowsStandalone target not found
Native extension for WebGL target not found
Refreshing native plugins compatible for Editor in 74.28 ms, found 1 plugins.
Preloading 0 native plugins for Editor in 0.00 ms.
Mono: successfully reloaded assembly
- Completed reload, in  2.980 seconds
Platform modules already initialized, skipping
Registering precompiled user dll's ...
Registered in 0.011591 seconds.
Begin MonoManager ReloadAssembly
Native extension for WindowsStandalone target not found
Native extension for WebGL target not found
Refreshing native plugins compatible for Editor in 77.81 ms, found 1 plugins.
Preloading 0 native plugins for Editor in 0.00 ms.
Mono: successfully reloaded assembly
- Completed reload, in  1.935 seconds
Platform modules already initialized, skipping
========================================================================
Worker process is ready to serve import requests
Launched and connected shader compiler UnityShaderCompiler.exe after 0.12 seconds
Refreshing native plugins compatible for Editor in 0.95 ms, found 1 plugins.
Preloading 0 native plugins for Editor in 0.00 ms.
Unloading 2443 Unused Serialized files (Serialized files now loaded: 0)
System memory in use before: 116.4 MB.
System memory in use after: 116.6 MB.

Unloading 26 unused Assets to reduce memory usage. Loaded Objects now: 2900.
Total: 4.395700 ms (FindLiveObjects: 0.326600 ms CreateObjectMapping: 0.069400 ms MarkObjects: 3.883700 ms  DeleteObjects: 0.113900 ms)

========================================================================
Received Import Request.
  path: Assets/Scenes/menu.unity
  artifactKey: Guid(9521368da1799574ab3cf32f0c8d58d1) Importer(815301076,1909f56bfc062723c751e8b465ee728b)
Start importing Assets/Scenes/menu.unity using Guid(9521368da1799574ab3cf32f0c8d58d1) Importer(815301076,1909f56bfc062723c751e8b465ee728b)  -> (artifact id: '82e631e113e2f4353c4e4ed25113e59f') in 0.020460 seconds 
========================================================================
Received Import Request.
  Time since last request: 125.091883 seconds.
  path: Assets/Scenes/MobileMenu.unity
  artifactKey: Guid(2659cd53121d5f04698134218092f2f9) Importer(815301076,1909f56bfc062723c751e8b465ee728b)
Start importing Assets/Scenes/MobileMenu.unity using Guid(2659cd53121d5f04698134218092f2f9) Importer(815301076,1909f56bfc062723c751e8b465ee728b)  -> (artifact id: '926cba57a3e66c646b43e78c8440a27c') in 0.005718 seconds 
========================================================================
Received Import Request.
  Time since last request: 924.059140 seconds.
  path: Assets/Scenes/main.unity
  artifactKey: Guid(2cda990e2423bbf4892e6590ba056729) Importer(815301076,1909f56bfc062723c751e8b465ee728b)
Start importing Assets/Scenes/main.unity using Guid(2cda990e2423bbf4892e6590ba056729) Importer(815301076,1909f56bfc062723c751e8b465ee728b)  -> (artifact id: '61025627fbc12190e5667efb2ff58d3c') in 0.006813 seconds 
========================================================================
Received Prepare
Registering precompiled user dll's ...
Registered in 0.010527 seconds.
Begin MonoManager ReloadAssembly
Native extension for WindowsStandalone target not found
Native extension for WebGL target not found
Refreshing native plugins compatible for Editor in 0.70 ms, found 1 plugins.
Preloading 0 native plugins for Editor in 0.00 ms.
Mono: successfully reloaded assembly
- Completed reload, in  1.803 seconds
Platform modules already initialized, skipping
Refreshing native plugins compatible for Editor in 0.82 ms, found 1 plugins.
Preloading 0 native plugins for Editor in 0.00 ms.
Unloading 2389 Unused Serialized files (Serialized files now loaded: 0)
System memory in use before: 111.6 MB.
System memory in use after: 111.8 MB.

Unloading 14 unused Assets to reduce memory usage. Loaded Objects now: 2904.
Total: 4.283300 ms (FindLiveObjects: 0.423100 ms CreateObjectMapping: 0.105300 ms MarkObjects: 3.716400 ms  DeleteObjects: 0.036900 ms)

========================================================================
Received Import Request.
  Time since last request: 77.954701 seconds.
  path: Assets/Scenes/MobileMenu.unity
  artifactKey: Guid(2659cd53121d5f04698134218092f2f9) Importer(815301076,1909f56bfc062723c751e8b465ee728b)
Start importing Assets/Scenes/MobileMenu.unity using Guid(2659cd53121d5f04698134218092f2f9) Importer(815301076,1909f56bfc062723c751e8b465ee728b)  -> (artifact id: '2eea3703d9c40b32669144c3e8e15606') in 0.028018 seconds 
========================================================================
Received Prepare
Registering precompiled user dll's ...
Registered in 0.010956 seconds.
Begin MonoManager ReloadAssembly
Native extension for WindowsStandalone target not found
Native extension for WebGL target not found
Refreshing native plugins compatible for Editor in 1.04 ms, found 1 plugins.
Preloading 0 native plugins for Editor in 0.00 ms.
Mono: successfully reloaded assembly
- Completed reload, in  1.777 seconds
Platform modules already initialized, skipping
Refreshing native plugins compatible for Editor in 1.10 ms, found 1 plugins.
Preloading 0 native plugins for Editor in 0.00 ms.
Unloading 2389 Unused Serialized files (Serialized files now loaded: 0)
System memory in use before: 111.7 MB.
System memory in use after: 111.9 MB.

Unloading 14 unused Assets to reduce memory usage. Loaded Objects now: 2908.
Total: 3.598600 ms (FindLiveObjects: 0.448100 ms CreateObjectMapping: 0.088400 ms MarkObjects: 3.024900 ms  DeleteObjects: 0.035400 ms)

========================================================================
Received Import Request.
  Time since last request: 159.693266 seconds.
  path: Assets/Scenes/menu.unity
  artifactKey: Guid(9521368da1799574ab3cf32f0c8d58d1) Importer(815301076,1909f56bfc062723c751e8b465ee728b)
Start importing Assets/Scenes/menu.unity using Guid(9521368da1799574ab3cf32f0c8d58d1) Importer(815301076,1909f56bfc062723c751e8b465ee728b)  -> (artifact id: '27315ad14cb7770b591697963e9299ef') in 0.023652 seconds 
========================================================================
Received Prepare
Registering precompiled user dll's ...
Registered in 0.010972 seconds.
Begin MonoManager ReloadAssembly
Native extension for WindowsStandalone target not found
Native extension for WebGL target not found
Refreshing native plugins compatible for Editor in 0.82 ms, found 1 plugins.
Preloading 0 native plugins for Editor in 0.00 ms.
Mono: successfully reloaded assembly
- Completed reload, in  1.725 seconds
Platform modules already initialized, skipping
Refreshing native plugins compatible for Editor in 1.21 ms, found 1 plugins.
Preloading 0 native plugins for Editor in 0.00 ms.
Unloading 2389 Unused Serialized files (Serialized files now loaded: 0)
System memory in use before: 111.7 MB.
System memory in use after: 111.9 MB.

Unloading 14 unused Assets to reduce memory usage. Loaded Objects now: 2912.
Total: 3.679700 ms (FindLiveObjects: 0.460400 ms CreateObjectMapping: 0.138500 ms MarkObjects: 3.042000 ms  DeleteObjects: 0.037200 ms)

========================================================================
Received Prepare
Registering precompiled user dll's ...
Registered in 0.012857 seconds.
Begin MonoManager ReloadAssembly
Native extension for WindowsStandalone target not found
Native extension for WebGL target not found
Refreshing native plugins compatible for Editor in 0.85 ms, found 1 plugins.
Preloading 0 native plugins for Editor in 0.00 ms.
Mono: successfully reloaded assembly
- Completed reload, in  1.950 seconds
Platform modules already initialized, skipping
Refreshing native plugins compatible for Editor in 1.24 ms, found 1 plugins.
Preloading 0 native plugins for Editor in 0.00 ms.
Unloading 2389 Unused Serialized files (Serialized files now loaded: 0)
System memory in use before: 111.7 MB.
System memory in use after: 111.9 MB.

Unloading 14 unused Assets to reduce memory usage. Loaded Objects now: 2916.
Total: 4.344900 ms (FindLiveObjects: 0.446400 ms CreateObjectMapping: 0.173900 ms MarkObjects: 3.687900 ms  DeleteObjects: 0.035300 ms)

========================================================================
Received Prepare
Registering precompiled user dll's ...
Registered in 0.009896 seconds.
Begin MonoManager ReloadAssembly
Native extension for WindowsStandalone target not found
Native extension for WebGL target not found
Refreshing native plugins compatible for Editor in 0.61 ms, found 1 plugins.
Preloading 0 native plugins for Editor in 0.00 ms.
Mono: successfully reloaded assembly
- Completed reload, in  1.671 seconds
Platform modules already initialized, skipping
Refreshing native plugins compatible for Editor in 0.87 ms, found 1 plugins.
Preloading 0 native plugins for Editor in 0.00 ms.
Unloading 2389 Unused Serialized files (Serialized files now loaded: 0)
System memory in use before: 111.6 MB.
System memory in use after: 111.9 MB.

Unloading 14 unused Assets to reduce memory usage. Loaded Objects now: 2920.
Total: 3.972600 ms (FindLiveObjects: 0.410000 ms CreateObjectMapping: 0.128400 ms MarkObjects: 3.388700 ms  DeleteObjects: 0.044100 ms)

========================================================================
Received Import Request.
  Time since last request: 369.285691 seconds.
  path: Assets/Scenes/main.unity
  artifactKey: Guid(2cda990e2423bbf4892e6590ba056729) Importer(815301076,1909f56bfc062723c751e8b465ee728b)
Start importing Assets/Scenes/main.unity using Guid(2cda990e2423bbf4892e6590ba056729) Importer(815301076,1909f56bfc062723c751e8b465ee728b)  -> (artifact id: 'aa63226026c6833e42a0a50b009138af') in 0.039872 seconds 
========================================================================
Received Prepare
Registering precompiled user dll's ...
Registered in 0.012812 seconds.
Begin MonoManager ReloadAssembly
Native extension for WindowsStandalone target not found
Native extension for WebGL target not found
Refreshing native plugins compatible for Editor in 0.92 ms, found 1 plugins.
Preloading 0 native plugins for Editor in 0.00 ms.
Mono: successfully reloaded assembly
- Completed reload, in  1.866 seconds
Platform modules already initialized, skipping
Refreshing native plugins compatible for Editor in 1.10 ms, found 1 plugins.
Preloading 0 native plugins for Editor in 0.00 ms.
Unloading 2389 Unused Serialized files (Serialized files now loaded: 0)
System memory in use before: 111.7 MB.
System memory in use after: 112.0 MB.

Unloading 14 unused Assets to reduce memory usage. Loaded Objects now: 2924.
Total: 3.745800 ms (FindLiveObjects: 0.549400 ms CreateObjectMapping: 0.171600 ms MarkObjects: 2.994000 ms  DeleteObjects: 0.028900 ms)

========================================================================
Received Prepare
Registering precompiled user dll's ...
Registered in 0.017285 seconds.
Begin MonoManager ReloadAssembly
Native extension for WindowsStandalone target not found
Native extension for WebGL target not found
Refreshing native plugins compatible for Editor in 1.04 ms, found 1 plugins.
Preloading 0 native plugins for Editor in 0.00 ms.
Mono: successfully reloaded assembly
- Completed reload, in  2.624 seconds
Platform modules already initialized, skipping
Switching build target platform(19) subTarget(0) extendedPlatform(0) -> platform(13) subTarget(589829) extendedPlatform(0)
Refreshing native plugins compatible for Editor in 0.61 ms, found 1 plugins.
Preloading 0 native plugins for Editor in 0.00 ms.
Unloading 2393 Unused Serialized files (Serialized files now loaded: 0)
System memory in use before: 110.8 MB.
System memory in use after: 111.0 MB.

Unloading 14 unused Assets to reduce memory usage. Loaded Objects now: 2928.
Total: 4.323100 ms (FindLiveObjects: 0.357500 ms CreateObjectMapping: 0.066800 ms MarkObjects: 3.798500 ms  DeleteObjects: 0.098700 ms)

AssetImportParameters requested are different than current active one (requested -> active):
  custom:graphics/normal-map-encoding: 01000000000000000000000000000000 -> 02000000000000000000000000000000
========================================================================
Received Prepare
Refreshing native plugins compatible for Editor in 12.41 ms, found 1 plugins.
Preloading 0 native plugins for Editor in 0.00 ms.
Unloading 12 Unused Serialized files (Serialized files now loaded: 0)
System memory in use before: 63.6 MB.
System memory in use after: 63.8 MB.

Unloading 12 unused Assets to reduce memory usage. Loaded Objects now: 2928.
Total: 6.036800 ms (FindLiveObjects: 0.455600 ms CreateObjectMapping: 0.096600 ms MarkObjects: 5.445900 ms  DeleteObjects: 0.037000 ms)

========================================================================
Received Prepare
Refreshing native plugins compatible for Editor in 12.84 ms, found 1 plugins.
Preloading 0 native plugins for Editor in 0.00 ms.
Unloading 12 Unused Serialized files (Serialized files now loaded: 0)
System memory in use before: 63.6 MB.
System memory in use after: 63.8 MB.

Unloading 12 unused Assets to reduce memory usage. Loaded Objects now: 2928.
Total: 4.305800 ms (FindLiveObjects: 0.488600 ms CreateObjectMapping: 0.121700 ms MarkObjects: 3.663800 ms  DeleteObjects: 0.029800 ms)

========================================================================
Received Import Request.
  Time since last request: 1445.799244 seconds.
  path: Assets/Scenes/main.unity
  artifactKey: Guid(2cda990e2423bbf4892e6590ba056729) Importer(815301076,1909f56bfc062723c751e8b465ee728b)
Start importing Assets/Scenes/main.unity using Guid(2cda990e2423bbf4892e6590ba056729) Importer(815301076,1909f56bfc062723c751e8b465ee728b)  -> (artifact id: '351b84cc691b34c31a10f75b8d97fd98') in 0.023120 seconds 
========================================================================
Received Prepare
Registering precompiled user dll's ...
Registered in 0.011252 seconds.
Begin MonoManager ReloadAssembly
Native extension for WindowsStandalone target not found
Native extension for WebGL target not found
Refreshing native plugins compatible for Editor in 0.89 ms, found 1 plugins.
Preloading 0 native plugins for Editor in 0.00 ms.
Mono: successfully reloaded assembly
- Completed reload, in  1.999 seconds
Platform modules already initialized, skipping
Switching build target platform(19) subTarget(0) extendedPlatform(0) -> platform(13) subTarget(589829) extendedPlatform(0)
Refreshing native plugins compatible for Editor in 1.30 ms, found 1 plugins.
Preloading 0 native plugins for Editor in 0.00 ms.
Unloading 2393 Unused Serialized files (Serialized files now loaded: 0)
System memory in use before: 110.8 MB.
System memory in use after: 111.1 MB.

Unloading 14 unused Assets to reduce memory usage. Loaded Objects now: 2932.
Total: 4.042500 ms (FindLiveObjects: 0.323900 ms CreateObjectMapping: 0.069300 ms MarkObjects: 3.621800 ms  DeleteObjects: 0.026300 ms)

AssetImportParameters requested are different than current active one (requested -> active):
  custom:graphics/normal-map-encoding: 01000000000000000000000000000000 -> 02000000000000000000000000000000
========================================================================
Received Import Request.
  Time since last request: 523.850336 seconds.
  path: Assets/Arts/background.jpg
  artifactKey: Guid(2e5e2c66a8e2f26468e1766b8086cdb0) Importer(815301076,1909f56bfc062723c751e8b465ee728b)
Start importing Assets/Arts/background.jpg using Guid(2e5e2c66a8e2f26468e1766b8086cdb0) Importer(815301076,1909f56bfc062723c751e8b465ee728b)  -> (artifact id: '40a520d803b4a2d43390da42a7f2e5b1') in 0.309188 seconds 
========================================================================
Received Import Request.
  Time since last request: 0.000445 seconds.
  path: Assets/Arts/Body.png
  artifactKey: Guid(83bc688ca75b02c46a2204c8b6119202) Importer(815301076,1909f56bfc062723c751e8b465ee728b)
Start importing Assets/Arts/Body.png using Guid(83bc688ca75b02c46a2204c8b6119202) Importer(815301076,1909f56bfc062723c751e8b465ee728b)  -> (artifact id: '722cb83b1e953bf072e7e76f61c83e45') in 0.055674 seconds 
========================================================================
Received Import Request.
  Time since last request: 0.000512 seconds.
  path: Assets/Arts/Plunger.png
  artifactKey: Guid(4f7f7817674425b4d9dd1e5b30a13aa8) Importer(815301076,1909f56bfc062723c751e8b465ee728b)
Start importing Assets/Arts/Plunger.png using Guid(4f7f7817674425b4d9dd1e5b30a13aa8) Importer(815301076,1909f56bfc062723c751e8b465ee728b)  -> (artifact id: 'da1f1393020e059da388a9d6e8674d1e') in 0.071224 seconds 
========================================================================
Received Import Request.
  Time since last request: 0.000403 seconds.
  path: Assets/Circle.png
  artifactKey: Guid(e735e9cdcc0a832449f945e8ddb02aaf) Importer(815301076,1909f56bfc062723c751e8b465ee728b)
Start importing Assets/Circle.png using Guid(e735e9cdcc0a832449f945e8ddb02aaf) Importer(815301076,1909f56bfc062723c751e8b465ee728b)  -> (artifact id: '92a2d40530f28ae72a046973b203c472') in 0.013747 seconds 
========================================================================
Received Import Request.
  Time since last request: 2.733720 seconds.
  path: Assets/Play.cs
  artifactKey: Guid(74e923df63a808c4284168b5f5aaa8c1) Importer(815301076,1909f56bfc062723c751e8b465ee728b)
Start importing Assets/Play.cs using Guid(74e923df63a808c4284168b5f5aaa8c1) Importer(815301076,1909f56bfc062723c751e8b465ee728b)  -> (artifact id: '6dc6a2333f3216fa4fe34bd1305cac89') in 0.067423 seconds 
========================================================================
Received Import Request.
  Time since last request: 407.355370 seconds.
  path: Assets/Arts/background/0001.png
  artifactKey: Guid(52ee287432eba4e44961702239d2dea0) Importer(815301076,1909f56bfc062723c751e8b465ee728b)
Start importing Assets/Arts/background/0001.png using Guid(52ee287432eba4e44961702239d2dea0) Importer(815301076,1909f56bfc062723c751e8b465ee728b)  -> (artifact id: '987a64da093f3eff741a7973eefb9b5c') in 0.039656 seconds 
========================================================================
Received Import Request.
  Time since last request: 0.000654 seconds.
  path: Assets/Free Asset - 2D Handcrafted Art/Sprite/Moss1/_6.png
  artifactKey: Guid(cce5f725d91397e448f150033e3059c5) Importer(815301076,1909f56bfc062723c751e8b465ee728b)
Start importing Assets/Free Asset - 2D Handcrafted Art/Sprite/Moss1/_6.png using Guid(cce5f725d91397e448f150033e3059c5) Importer(815301076,1909f56bfc062723c751e8b465ee728b)  -> (artifact id: 'a9d3a9a59c3dda571e7b8abb9f53e7ab') in 0.044619 seconds 
========================================================================
Received Import Request.
  Time since last request: 0.000305 seconds.
  path: Assets/Free Asset - 2D Handcrafted Art/Sprite/Moss1/_0.png
  artifactKey: Guid(448c4804bbd20094bb78e866cda1f525) Importer(815301076,1909f56bfc062723c751e8b465ee728b)
Start importing Assets/Free Asset - 2D Handcrafted Art/Sprite/Moss1/_0.png using Guid(448c4804bbd20094bb78e866cda1f525) Importer(815301076,1909f56bfc062723c751e8b465ee728b)  -> (artifact id: '443c705879558e9a9eb03454aae8781a') in 0.021818 seconds 
========================================================================
Received Import Request.
  Time since last request: 0.000363 seconds.
  path: Assets/Free Asset - 2D Handcrafted Art/Sprite/Moss1/_1.png
  artifactKey: Guid(b5893f4e7496c7f4ea16acecc00c3bf7) Importer(815301076,1909f56bfc062723c751e8b465ee728b)
Start importing Assets/Free Asset - 2D Handcrafted Art/Sprite/Moss1/_1.png using Guid(b5893f4e7496c7f4ea16acecc00c3bf7) Importer(815301076,1909f56bfc062723c751e8b465ee728b)  -> (artifact id: 'a9ced986c84b8eb9756a1a67b0931145') in 0.020059 seconds 
========================================================================
Received Import Request.
  Time since last request: 0.000272 seconds.
  path: Assets/Free Asset - 2D Handcrafted Art/Sprite/Moss1/_4.png
  artifactKey: Guid(4c74376157b9a0e4eb6ad67e5fdbfd66) Importer(815301076,1909f56bfc062723c751e8b465ee728b)
Start importing Assets/Free Asset - 2D Handcrafted Art/Sprite/Moss1/_4.png using Guid(4c74376157b9a0e4eb6ad67e5fdbfd66) Importer(815301076,1909f56bfc062723c751e8b465ee728b)  -> (artifact id: '50a2954a7a4ba301d578a5b008cedf6c') in 0.018469 seconds 
========================================================================
Received Import Request.
  Time since last request: 0.000420 seconds.
  path: Assets/Free Asset - 2D Handcrafted Art/Sprite/Moss1/_2.png
  artifactKey: Guid(4ca38e39ea44b5945ab2faa7acbe5c59) Importer(815301076,1909f56bfc062723c751e8b465ee728b)
Start importing Assets/Free Asset - 2D Handcrafted Art/Sprite/Moss1/_2.png using Guid(4ca38e39ea44b5945ab2faa7acbe5c59) Importer(815301076,1909f56bfc062723c751e8b465ee728b)  -> (artifact id: '68469a882c6b12fe8480c4edbb2d75e2') in 0.017915 seconds 
========================================================================
Received Import Request.
  Time since last request: 0.000403 seconds.
  path: Assets/Free Asset - 2D Handcrafted Art/Sprite/Moss1/_3.png
  artifactKey: Guid(5e1f6a06a98919146a02b9ecc3272bf3) Importer(815301076,1909f56bfc062723c751e8b465ee728b)
Start importing Assets/Free Asset - 2D Handcrafted Art/Sprite/Moss1/_3.png using Guid(5e1f6a06a98919146a02b9ecc3272bf3) Importer(815301076,1909f56bfc062723c751e8b465ee728b)  -> (artifact id: '3c7a78cd0ead983ec2cb98030463c743') in 0.020715 seconds 
========================================================================
Received Import Request.
  Time since last request: 0.000384 seconds.
  path: Assets/Free Asset - 2D Handcrafted Art/Sprite/Moss1/_5.png
  artifactKey: Guid(7fe6b66417d507043a7ca3a83ecc52f2) Importer(815301076,1909f56bfc062723c751e8b465ee728b)
Start importing Assets/Free Asset - 2D Handcrafted Art/Sprite/Moss1/_5.png using Guid(7fe6b66417d507043a7ca3a83ecc52f2) Importer(815301076,1909f56bfc062723c751e8b465ee728b)  -> (artifact id: '322de1c1cfb9ac707f06dfe9561de76f') in 0.018337 seconds 
========================================================================
Received Prepare
Refreshing native plugins compatible for Editor in 7.94 ms, found 1 plugins.
Preloading 0 native plugins for Editor in 0.00 ms.
Unloading 12 Unused Serialized files (Serialized files now loaded: 0)
System memory in use before: 67.6 MB.
System memory in use after: 67.8 MB.

Unloading 12 unused Assets to reduce memory usage. Loaded Objects now: 2958.
Total: 6.083100 ms (FindLiveObjects: 0.607400 ms CreateObjectMapping: 0.126700 ms MarkObjects: 5.321800 ms  DeleteObjects: 0.025800 ms)

========================================================================
Received Import Request.
  Time since last request: 444.595895 seconds.
  path: Assets/Free Asset - 2D Handcrafted Art/Sprite/Moss1/_7.png
  artifactKey: Guid(895c56d9cf77bc44bb8a2a0e50238a40) Importer(815301076,1909f56bfc062723c751e8b465ee728b)
Start importing Assets/Free Asset - 2D Handcrafted Art/Sprite/Moss1/_7.png using Guid(895c56d9cf77bc44bb8a2a0e50238a40) Importer(815301076,1909f56bfc062723c751e8b465ee728b)  -> (artifact id: '82281936442c5f0e8da2c473b2692624') in 0.058623 seconds 
========================================================================
Received Import Request.
  Time since last request: 0.000345 seconds.
  path: Assets/Free Asset - 2D Handcrafted Art/Sprite/Moss1/_8.png
  artifactKey: Guid(805c448d21c9f2744aa0d80d8c1e83cf) Importer(815301076,1909f56bfc062723c751e8b465ee728b)
Start importing Assets/Free Asset - 2D Handcrafted Art/Sprite/Moss1/_8.png using Guid(805c448d21c9f2744aa0d80d8c1e83cf) Importer(815301076,1909f56bfc062723c751e8b465ee728b)  -> (artifact id: '16839f3292ac9dc8b8485280a7334597') in 0.055941 seconds 
========================================================================
Received Import Request.
  Time since last request: 0.000465 seconds.
  path: Assets/Free Asset - 2D Handcrafted Art/Sprite/Moss1/_9.png
  artifactKey: Guid(99af895bcb1cab7428a2f32a0bf586f0) Importer(815301076,1909f56bfc062723c751e8b465ee728b)
Start importing Assets/Free Asset - 2D Handcrafted Art/Sprite/Moss1/_9.png using Guid(99af895bcb1cab7428a2f32a0bf586f0) Importer(815301076,1909f56bfc062723c751e8b465ee728b)  -> (artifact id: 'c369d9f87a583df3c38845e63c3f750e') in 0.027836 seconds 
========================================================================
Received Import Request.
  Time since last request: 0.000330 seconds.
  path: Assets/Free Asset - 2D Handcrafted Art/Sprite/Moss1/_10.png
  artifactKey: Guid(4f2b080aea43e244c964a21ffce662f6) Importer(815301076,1909f56bfc062723c751e8b465ee728b)
Start importing Assets/Free Asset - 2D Handcrafted Art/Sprite/Moss1/_10.png using Guid(4f2b080aea43e244c964a21ffce662f6) Importer(815301076,1909f56bfc062723c751e8b465ee728b)  -> (artifact id: 'fa47481788ac660d750a44432ffb0ebd') in 0.062265 seconds 
========================================================================
Received Import Request.
  Time since last request: 0.118327 seconds.
  path: Assets/Free Asset - 2D Handcrafted Art/Sprite/Moss1/_11.png
  artifactKey: Guid(380619d657c122b4195ad975dd2b205f) Importer(815301076,1909f56bfc062723c751e8b465ee728b)
Start importing Assets/Free Asset - 2D Handcrafted Art/Sprite/Moss1/_11.png using Guid(380619d657c122b4195ad975dd2b205f) Importer(815301076,1909f56bfc062723c751e8b465ee728b)  -> (artifact id: 'a08caf2a8150b3f32e3fd8a462aa7a8a') in 0.083793 seconds 
========================================================================
Received Import Request.
  Time since last request: 0.000369 seconds.
  path: Assets/Free Asset - 2D Handcrafted Art/Sprite/Moss1/_17.png
  artifactKey: Guid(790a21b13a7e58c469aeca682e28e0db) Importer(815301076,1909f56bfc062723c751e8b465ee728b)
Start importing Assets/Free Asset - 2D Handcrafted Art/Sprite/Moss1/_17.png using Guid(790a21b13a7e58c469aeca682e28e0db) Importer(815301076,1909f56bfc062723c751e8b465ee728b)  -> (artifact id: 'd57b27fa0cf5c29b795a4d3efa498d4e') in 0.039021 seconds 
========================================================================
Received Import Request.
  Time since last request: 0.000358 seconds.
  path: Assets/Free Asset - 2D Handcrafted Art/Sprite/Moss1/_18.png
  artifactKey: Guid(8dbcc37db86b4214384af04f2e670505) Importer(815301076,1909f56bfc062723c751e8b465ee728b)
Start importing Assets/Free Asset - 2D Handcrafted Art/Sprite/Moss1/_18.png using Guid(8dbcc37db86b4214384af04f2e670505) Importer(815301076,1909f56bfc062723c751e8b465ee728b)  -> (artifact id: 'ae2a7fbada00103305ea482c6dca9e83') in 0.051964 seconds 
========================================================================
Received Import Request.
  Time since last request: 0.000415 seconds.
  path: Assets/Free Asset - 2D Handcrafted Art/Sprite/Moss1/_12.png
  artifactKey: Guid(627125bbd9e6a6342b12154e43833d36) Importer(815301076,1909f56bfc062723c751e8b465ee728b)
Start importing Assets/Free Asset - 2D Handcrafted Art/Sprite/Moss1/_12.png using Guid(627125bbd9e6a6342b12154e43833d36) Importer(815301076,1909f56bfc062723c751e8b465ee728b)  -> (artifact id: '05f6a7073e30b59f0378273f0e1f4aed') in 0.058993 seconds 
========================================================================
Received Import Request.
  Time since last request: 0.000450 seconds.
  path: Assets/Free Asset - 2D Handcrafted Art/Sprite/Moss1/_15.png
  artifactKey: Guid(2d522c61b58fe5b49bf82c39968c1ba9) Importer(815301076,1909f56bfc062723c751e8b465ee728b)
Start importing Assets/Free Asset - 2D Handcrafted Art/Sprite/Moss1/_15.png using Guid(2d522c61b58fe5b49bf82c39968c1ba9) Importer(815301076,1909f56bfc062723c751e8b465ee728b)  -> (artifact id: '9fd8cd6ef23e4d07d44ca3505e48ac76') in 0.062949 seconds 
========================================================================
Received Import Request.
  Time since last request: 0.000434 seconds.
  path: Assets/Free Asset - 2D Handcrafted Art/Sprite/Moss1/_16.png
  artifactKey: Guid(fbc355887e6dbb94dbc0c54c7ad41094) Importer(815301076,1909f56bfc062723c751e8b465ee728b)
Start importing Assets/Free Asset - 2D Handcrafted Art/Sprite/Moss1/_16.png using Guid(fbc355887e6dbb94dbc0c54c7ad41094) Importer(815301076,1909f56bfc062723c751e8b465ee728b)  -> (artifact id: '92400fb1b6aeeb8afe586a4b739524ab') in 0.074161 seconds 
========================================================================
Received Import Request.
  Time since last request: 0.000337 seconds.
  path: Assets/Free Asset - 2D Handcrafted Art/Sprite/Moss1/_19.png
  artifactKey: Guid(2aff0e9cacbb5d64b90d41bdbfc0cf1f) Importer(815301076,1909f56bfc062723c751e8b465ee728b)
Start importing Assets/Free Asset - 2D Handcrafted Art/Sprite/Moss1/_19.png using Guid(2aff0e9cacbb5d64b90d41bdbfc0cf1f) Importer(815301076,1909f56bfc062723c751e8b465ee728b)  -> (artifact id: '1ec9d5e3d7596481a3165d2c471c7995') in 0.046802 seconds 
========================================================================
Received Import Request.
  Time since last request: 0.000429 seconds.
  path: Assets/Free Asset - 2D Handcrafted Art/Sprite/Moss1/_14.png
  artifactKey: Guid(51dbfed3b08082946844d4359ee21e0a) Importer(815301076,1909f56bfc062723c751e8b465ee728b)
Start importing Assets/Free Asset - 2D Handcrafted Art/Sprite/Moss1/_14.png using Guid(51dbfed3b08082946844d4359ee21e0a) Importer(815301076,1909f56bfc062723c751e8b465ee728b)  -> (artifact id: '5d8096fe2b97c28b013376b5826d6848') in 0.107094 seconds 
========================================================================
Received Import Request.
  Time since last request: 0.000383 seconds.
  path: Assets/Free Asset - 2D Handcrafted Art/Sprite/Moss1/_13.png
  artifactKey: Guid(f3531c5b8cfdc904183ebaa78b9020a5) Importer(815301076,1909f56bfc062723c751e8b465ee728b)
Start importing Assets/Free Asset - 2D Handcrafted Art/Sprite/Moss1/_13.png using Guid(f3531c5b8cfdc904183ebaa78b9020a5) Importer(815301076,1909f56bfc062723c751e8b465ee728b)  -> (artifact id: 'fb0edd9c3e9d0cd58d4c613aff162a2c') in 0.047324 seconds 
========================================================================
Received Import Request.
  Time since last request: 0.000370 seconds.
  path: Assets/Free Asset - 2D Handcrafted Art/Sprite/Moss1/_20.png
  artifactKey: Guid(8f29ec7629da1f54d824690b0931bf62) Importer(815301076,1909f56bfc062723c751e8b465ee728b)
Start importing Assets/Free Asset - 2D Handcrafted Art/Sprite/Moss1/_20.png using Guid(8f29ec7629da1f54d824690b0931bf62) Importer(815301076,1909f56bfc062723c751e8b465ee728b)  -> (artifact id: 'dac8d6821746f868d40b84c880b44a7e') in 0.056202 seconds 
========================================================================
Received Import Request.
  Time since last request: 0.293168 seconds.
  path: Assets/Free Asset - 2D Handcrafted Art/Sprite/Moss1/_21.png
  artifactKey: Guid(c0f77bc33d77a7345914765275d344c5) Importer(815301076,1909f56bfc062723c751e8b465ee728b)
Start importing Assets/Free Asset - 2D Handcrafted Art/Sprite/Moss1/_21.png using Guid(c0f77bc33d77a7345914765275d344c5) Importer(815301076,1909f56bfc062723c751e8b465ee728b)  -> (artifact id: '1ea91eba21bcf8b2e6478f63f8572801') in 0.085115 seconds 
========================================================================
Received Import Request.
  Time since last request: 0.000423 seconds.
  path: Assets/Arts/Head/backup/Head0000.png
  artifactKey: Guid(2c308030578a4b6488492b6dfe28e631) Importer(815301076,1909f56bfc062723c751e8b465ee728b)
Start importing Assets/Arts/Head/backup/Head0000.png using Guid(2c308030578a4b6488492b6dfe28e631) Importer(815301076,1909f56bfc062723c751e8b465ee728b)  -> (artifact id: 'f07caae4e38ffe18d54a5e8195ab3557') in 0.043930 seconds 
========================================================================
Received Import Request.
  Time since last request: 0.000753 seconds.
  path: Assets/Arts/Hand/Hand0003.png
  artifactKey: Guid(9133cc6cb568f3943a30c36faf40a8d1) Importer(815301076,1909f56bfc062723c751e8b465ee728b)
Start importing Assets/Arts/Hand/Hand0003.png using Guid(9133cc6cb568f3943a30c36faf40a8d1) Importer(815301076,1909f56bfc062723c751e8b465ee728b)  -> (artifact id: '24fb90979c35333c30a6d56bc827f6cb') in 0.027967 seconds 
========================================================================
Received Import Request.
  Time since last request: 0.000536 seconds.
  path: Assets/Free Asset - 2D Handcrafted Art/Sprite/Moss2/Moss2-animation_3.png
  artifactKey: Guid(702be53079855fa4b835105bd237e90e) Importer(815301076,1909f56bfc062723c751e8b465ee728b)
Start importing Assets/Free Asset - 2D Handcrafted Art/Sprite/Moss2/Moss2-animation_3.png using Guid(702be53079855fa4b835105bd237e90e) Importer(815301076,1909f56bfc062723c751e8b465ee728b)  -> (artifact id: 'dcc2e287d4747fbd0e4c0c3738f1c9f3') in 0.064076 seconds 
========================================================================
Received Import Request.
  Time since last request: 0.000523 seconds.
  path: Assets/Free Asset - 2D Handcrafted Art/Sprite/Moss1/_22.png
  artifactKey: Guid(2fd460e36862e05489afca64b6a01920) Importer(815301076,1909f56bfc062723c751e8b465ee728b)
Start importing Assets/Free Asset - 2D Handcrafted Art/Sprite/Moss1/_22.png using Guid(2fd460e36862e05489afca64b6a01920) Importer(815301076,1909f56bfc062723c751e8b465ee728b)  -> (artifact id: '7746c6f2e3334062e6ed725a05446ae3') in 0.096419 seconds 
========================================================================
Received Import Request.
  Time since last request: 0.000411 seconds.
  path: Assets/Arts/Hand/Hand0000.png
  artifactKey: Guid(1f68cb90376d43a4a90ada7d3b753248) Importer(815301076,1909f56bfc062723c751e8b465ee728b)
Start importing Assets/Arts/Hand/Hand0000.png using Guid(1f68cb90376d43a4a90ada7d3b753248) Importer(815301076,1909f56bfc062723c751e8b465ee728b)  -> (artifact id: 'b174b4e52fab2fb8e9923dc14380c8f7') in 0.030382 seconds 
========================================================================
Received Import Request.
  Time since last request: 0.000363 seconds.
  path: Assets/Free Asset - 2D Handcrafted Art/Sprite/Moss2/Moss2-animation_48.png
  artifactKey: Guid(bac1134de04f6ef4dae73312c25fa3b0) Importer(815301076,1909f56bfc062723c751e8b465ee728b)
Start importing Assets/Free Asset - 2D Handcrafted Art/Sprite/Moss2/Moss2-animation_48.png using Guid(bac1134de04f6ef4dae73312c25fa3b0) Importer(815301076,1909f56bfc062723c751e8b465ee728b)  -> (artifact id: 'e4a2f4ddea5cf402dbc9e750232a30c5') in 0.049951 seconds 
========================================================================
Received Import Request.
  Time since last request: 0.000402 seconds.
  path: Assets/Free Asset - 2D Handcrafted Art/Sprite/Moss2/Moss2-animation_45.png
  artifactKey: Guid(c9b09e9c7a7544b47b84d37a597c408e) Importer(815301076,1909f56bfc062723c751e8b465ee728b)
Start importing Assets/Free Asset - 2D Handcrafted Art/Sprite/Moss2/Moss2-animation_45.png using Guid(c9b09e9c7a7544b47b84d37a597c408e) Importer(815301076,1909f56bfc062723c751e8b465ee728b)  -> (artifact id: '0ce80f006f4b8d63a8539289442ff001') in 0.041762 seconds 
========================================================================
Received Import Request.
  Time since last request: 0.000333 seconds.
  path: Assets/Free Asset - 2D Handcrafted Art/Sprite/Moss2/Moss2-animation_49.png
  artifactKey: Guid(42973916c4778f34a996851536ccb194) Importer(815301076,1909f56bfc062723c751e8b465ee728b)
Start importing Assets/Free Asset - 2D Handcrafted Art/Sprite/Moss2/Moss2-animation_49.png using Guid(42973916c4778f34a996851536ccb194) Importer(815301076,1909f56bfc062723c751e8b465ee728b)  -> (artifact id: 'a75de85380c6047224b4d2ce3879dde4') in 0.060123 seconds 
========================================================================
Received Import Request.
  Time since last request: 0.000356 seconds.
  path: Assets/Free Asset - 2D Handcrafted Art/Sprite/Moss2/Moss2-animation_43.png
  artifactKey: Guid(4fc52de3814318c4fa78a35b7ea90208) Importer(815301076,1909f56bfc062723c751e8b465ee728b)
Start importing Assets/Free Asset - 2D Handcrafted Art/Sprite/Moss2/Moss2-animation_43.png using Guid(4fc52de3814318c4fa78a35b7ea90208) Importer(815301076,1909f56bfc062723c751e8b465ee728b)  -> (artifact id: 'bda9e7ea273824d1c98f8d2645a95d43') in 0.045569 seconds 
========================================================================
Received Import Request.
  Time since last request: 0.000368 seconds.
  path: Assets/Free Asset - 2D Handcrafted Art/Sprite/Moss2/Moss2-animation_47.png
  artifactKey: Guid(0486f62859c45d8448bf0fc73ef63c6a) Importer(815301076,1909f56bfc062723c751e8b465ee728b)
Start importing Assets/Free Asset - 2D Handcrafted Art/Sprite/Moss2/Moss2-animation_47.png using Guid(0486f62859c45d8448bf0fc73ef63c6a) Importer(815301076,1909f56bfc062723c751e8b465ee728b)  -> (artifact id: '2b081f2d0e9ff2b874bb0770fcd6148c') in 0.050167 seconds 
========================================================================
Received Import Request.
  Time since last request: 0.000557 seconds.
  path: Assets/Arts/Head/Head0001.png
  artifactKey: Guid(043d991a9bdcc5d438c7b2893e0c4974) Importer(815301076,1909f56bfc062723c751e8b465ee728b)
Start importing Assets/Arts/Head/Head0001.png using Guid(043d991a9bdcc5d438c7b2893e0c4974) Importer(815301076,1909f56bfc062723c751e8b465ee728b)  -> (artifact id: '9b942e1140eaf2a6491759b33602e72c') in 0.088745 seconds 
========================================================================
Received Import Request.
  Time since last request: 0.000313 seconds.
  path: Assets/Free Asset - 2D Handcrafted Art/Sprite/Surface1/Surface2-animation_17.png
  artifactKey: Guid(2983dc5b53ce96d4f8bb958f57f55dc4) Importer(815301076,1909f56bfc062723c751e8b465ee728b)
Start importing Assets/Free Asset - 2D Handcrafted Art/Sprite/Surface1/Surface2-animation_17.png using Guid(2983dc5b53ce96d4f8bb958f57f55dc4) Importer(815301076,1909f56bfc062723c751e8b465ee728b)  -> (artifact id: '200bf94bfbcf87b41951863e7c662b44') in 0.054435 seconds 
========================================================================
Received Import Request.
  Time since last request: 0.000366 seconds.
  path: Assets/Free Asset - 2D Handcrafted Art/Sprite/Moss2/Moss2-animation_1.png
  artifactKey: Guid(52e1f5b6bf37f594485fce5070820167) Importer(815301076,1909f56bfc062723c751e8b465ee728b)
Start importing Assets/Free Asset - 2D Handcrafted Art/Sprite/Moss2/Moss2-animation_1.png using Guid(52e1f5b6bf37f594485fce5070820167) Importer(815301076,1909f56bfc062723c751e8b465ee728b)  -> (artifact id: 'd3c814a2a470e17003c9c873f9683b99') in 0.117835 seconds 
========================================================================
Received Import Request.
  Time since last request: 0.000449 seconds.
  path: Assets/Free Asset - 2D Handcrafted Art/Sprite/Surface1/Surface2-animation_41.png
  artifactKey: Guid(eb4ff66eb88010d449f0daf1f48c3409) Importer(815301076,1909f56bfc062723c751e8b465ee728b)
Start importing Assets/Free Asset - 2D Handcrafted Art/Sprite/Surface1/Surface2-animation_41.png using Guid(eb4ff66eb88010d449f0daf1f48c3409) Importer(815301076,1909f56bfc062723c751e8b465ee728b)  -> (artifact id: 'e9649fba3d2ae76360c9304800d8af12') in 0.141292 seconds 
========================================================================
Received Import Request.
  Time since last request: 0.000430 seconds.
  path: Assets/Free Asset - 2D Handcrafted Art/Sprite/Surface1/Surface2-animation_43.png
  artifactKey: Guid(a9918a9cd1d71d14c9755d09eff10411) Importer(815301076,1909f56bfc062723c751e8b465ee728b)
Start importing Assets/Free Asset - 2D Handcrafted Art/Sprite/Surface1/Surface2-animation_43.png using Guid(a9918a9cd1d71d14c9755d09eff10411) Importer(815301076,1909f56bfc062723c751e8b465ee728b)  -> (artifact id: '0c6eaa090b09e4f3d506d77b81cbaa6a') in 0.039560 seconds 
========================================================================
Received Import Request.
  Time since last request: 0.000409 seconds.
  path: Assets/Free Asset - 2D Handcrafted Art/Sprite/WaterCausticSprite.psd
  artifactKey: Guid(1662ec17f4b516c46b0972250c36ade0) Importer(815301076,1909f56bfc062723c751e8b465ee728b)
Start importing Assets/Free Asset - 2D Handcrafted Art/Sprite/WaterCausticSprite.psd using Guid(1662ec17f4b516c46b0972250c36ade0) Importer(815301076,1909f56bfc062723c751e8b465ee728b)  -> (artifact id: 'b6e685e53d8573e64234f13586223bc6') in 0.359233 seconds 
========================================================================
Received Import Request.
  Time since last request: 0.000646 seconds.
  path: Assets/Free Asset - 2D Handcrafted Art/Sprite/Moss2/Moss2-animation_4.png
  artifactKey: Guid(b233b1623c3953648bc851d7b5dc4710) Importer(815301076,1909f56bfc062723c751e8b465ee728b)
Start importing Assets/Free Asset - 2D Handcrafted Art/Sprite/Moss2/Moss2-animation_4.png using Guid(b233b1623c3953648bc851d7b5dc4710) Importer(815301076,1909f56bfc062723c751e8b465ee728b)  -> (artifact id: '57146139cb3a2f7f163ef51521505b9b') in 0.030146 seconds 
========================================================================
Received Import Request.
  Time since last request: 0.000477 seconds.
  path: Assets/Free Asset - 2D Handcrafted Art/Sprite/Moss2/Moss2-animation_44.png
  artifactKey: Guid(3ae7f48ee8fb712468041fe87fde7e49) Importer(815301076,1909f56bfc062723c751e8b465ee728b)
Start importing Assets/Free Asset - 2D Handcrafted Art/Sprite/Moss2/Moss2-animation_44.png using Guid(3ae7f48ee8fb712468041fe87fde7e49) Importer(815301076,1909f56bfc062723c751e8b465ee728b)  -> (artifact id: '1ce018d36bfa9b6dbea393a96a410710') in 0.055736 seconds 
========================================================================
Received Import Request.
  Time since last request: 0.000441 seconds.
  path: Assets/Free Asset - 2D Handcrafted Art/Sprite/Moss2/Moss2-animation_46.png
  artifactKey: Guid(ab12abd5b81ed0b46864ba2bb22572f5) Importer(815301076,1909f56bfc062723c751e8b465ee728b)
Start importing Assets/Free Asset - 2D Handcrafted Art/Sprite/Moss2/Moss2-animation_46.png using Guid(ab12abd5b81ed0b46864ba2bb22572f5) Importer(815301076,1909f56bfc062723c751e8b465ee728b)  -> (artifact id: 'c7f7b854d5c60f224f2e57139f6fb7a5') in 0.040092 seconds 
========================================================================
Received Import Request.
  Time since last request: 0.000399 seconds.
  path: Assets/Free Asset - 2D Handcrafted Art/Sprite/Surface1/Surface2-animation_40.png
  artifactKey: Guid(dc65be0a1fefcc846b3d330784027df8) Importer(815301076,1909f56bfc062723c751e8b465ee728b)
Start importing Assets/Free Asset - 2D Handcrafted Art/Sprite/Surface1/Surface2-animation_40.png using Guid(dc65be0a1fefcc846b3d330784027df8) Importer(815301076,1909f56bfc062723c751e8b465ee728b)  -> (artifact id: '6a9648d16f8fb00863bd6617352e3ce9') in 0.059342 seconds 
========================================================================
Received Import Request.
  Time since last request: 0.000561 seconds.
  path: Assets/Free Asset - 2D Handcrafted Art/Sprite/Moss2/Moss2-animation_2.png
  artifactKey: Guid(e15a1b0f1f3326947a08fbf80cd815fe) Importer(815301076,1909f56bfc062723c751e8b465ee728b)
Start importing Assets/Free Asset - 2D Handcrafted Art/Sprite/Moss2/Moss2-animation_2.png using Guid(e15a1b0f1f3326947a08fbf80cd815fe) Importer(815301076,1909f56bfc062723c751e8b465ee728b)  -> (artifact id: '44a533c570760e741d155fb4a9bf3d9f') in 0.053322 seconds 
========================================================================
Received Import Request.
  Time since last request: 0.000344 seconds.
  path: Assets/Arts/Head/backup/Head0002.png
  artifactKey: Guid(4e39906628f31fe418b8daeb3e901500) Importer(815301076,1909f56bfc062723c751e8b465ee728b)
Start importing Assets/Arts/Head/backup/Head0002.png using Guid(4e39906628f31fe418b8daeb3e901500) Importer(815301076,1909f56bfc062723c751e8b465ee728b)  -> (artifact id: 'c7c4ff63d26ca1224aa41743e10ce56b') in 0.065483 seconds 
========================================================================
Received Import Request.
  Time since last request: 0.000502 seconds.
  path: Assets/Free Asset - 2D Handcrafted Art/Sprite/Surface1/Surface2-animation_39.png
  artifactKey: Guid(66f133d4294d3f046aba50b14157998a) Importer(815301076,1909f56bfc062723c751e8b465ee728b)
Start importing Assets/Free Asset - 2D Handcrafted Art/Sprite/Surface1/Surface2-animation_39.png using Guid(66f133d4294d3f046aba50b14157998a) Importer(815301076,1909f56bfc062723c751e8b465ee728b)  -> (artifact id: '8162c5cb59b2ec0ac34a7bae04871989') in 0.065091 seconds 
========================================================================
Received Import Request.
  Time since last request: 0.000628 seconds.
  path: Assets/Free Asset - 2D Handcrafted Art/Sprite/Surface1/Surface2-animation_19.png
  artifactKey: Guid(642bbe01c56ca374f9bcdf7f2b660bb8) Importer(815301076,1909f56bfc062723c751e8b465ee728b)
Start importing Assets/Free Asset - 2D Handcrafted Art/Sprite/Surface1/Surface2-animation_19.png using Guid(642bbe01c56ca374f9bcdf7f2b660bb8) Importer(815301076,1909f56bfc062723c751e8b465ee728b)  -> (artifact id: '221e23c4156460459dcead7071aeb137') in 0.057068 seconds 
========================================================================
Received Import Request.
  Time since last request: 0.000425 seconds.
  path: Assets/Arts/Head/Head0002.png
  artifactKey: Guid(e12a0dcccccf4ae41b60bb9208aa99f5) Importer(815301076,1909f56bfc062723c751e8b465ee728b)
Start importing Assets/Arts/Head/Head0002.png using Guid(e12a0dcccccf4ae41b60bb9208aa99f5) Importer(815301076,1909f56bfc062723c751e8b465ee728b)  -> (artifact id: '0a7ecf6e73398bf5c2bd71852d2791d1') in 0.016641 seconds 
========================================================================
Received Import Request.
  Time since last request: 0.000368 seconds.
  path: Assets/Free Asset - 2D Handcrafted Art/Sprite/Surface1/Surface2-animation_46.png
  artifactKey: Guid(b846fec1394675d45821f632ba9887ed) Importer(815301076,1909f56bfc062723c751e8b465ee728b)
Start importing Assets/Free Asset - 2D Handcrafted Art/Sprite/Surface1/Surface2-animation_46.png using Guid(b846fec1394675d45821f632ba9887ed) Importer(815301076,1909f56bfc062723c751e8b465ee728b)  -> (artifact id: 'da42edd726dcb3c9008195838404905f') in 0.064422 seconds 
========================================================================
Received Import Request.
  Time since last request: 0.000386 seconds.
  path: Assets/Arts/Head/backup/Head0001.png
  artifactKey: Guid(0e8b01e68250f6e40801436bfad53148) Importer(815301076,1909f56bfc062723c751e8b465ee728b)
Start importing Assets/Arts/Head/backup/Head0001.png using Guid(0e8b01e68250f6e40801436bfad53148) Importer(815301076,1909f56bfc062723c751e8b465ee728b)  -> (artifact id: '8ba3da913598cfbc1cfa8642203a2a6b') in 0.058068 seconds 
========================================================================
Received Import Request.
  Time since last request: 0.000462 seconds.
  path: Assets/Free Asset - 2D Handcrafted Art/Sprite/Surface1/Surface2-animation_11.png
  artifactKey: Guid(9f24c43c10f28704db98d0b5524be0f5) Importer(815301076,1909f56bfc062723c751e8b465ee728b)
Start importing Assets/Free Asset - 2D Handcrafted Art/Sprite/Surface1/Surface2-animation_11.png using Guid(9f24c43c10f28704db98d0b5524be0f5) Importer(815301076,1909f56bfc062723c751e8b465ee728b)  -> (artifact id: '4070f623980ceee0b2354dd6baccc2af') in 0.042600 seconds 
========================================================================
Received Import Request.
  Time since last request: 0.000355 seconds.
  path: Assets/Free Asset - 2D Handcrafted Art/Sprite/Moss2/Moss2-animation_5.png
  artifactKey: Guid(c62c0b826c6c2d54f8faaaa4c7c41b4f) Importer(815301076,1909f56bfc062723c751e8b465ee728b)
Start importing Assets/Free Asset - 2D Handcrafted Art/Sprite/Moss2/Moss2-animation_5.png using Guid(c62c0b826c6c2d54f8faaaa4c7c41b4f) Importer(815301076,1909f56bfc062723c751e8b465ee728b)  -> (artifact id: 'b639e8fcc3d9fa05d441ca16f386ea15') in 0.038055 seconds 
========================================================================
Received Import Request.
  Time since last request: 0.000664 seconds.
  path: Assets/Free Asset - 2D Handcrafted Art/Sprite/Moss2/Moss2-animation_42.png
  artifactKey: Guid(8c3c76d9d157d1e498e1d38ec39c5b7c) Importer(815301076,1909f56bfc062723c751e8b465ee728b)
Start importing Assets/Free Asset - 2D Handcrafted Art/Sprite/Moss2/Moss2-animation_42.png using Guid(8c3c76d9d157d1e498e1d38ec39c5b7c) Importer(815301076,1909f56bfc062723c751e8b465ee728b)  -> (artifact id: 'ed1b010a95be1f34a5fe500ad12b5320') in 0.042563 seconds 
========================================================================
Received Import Request.
  Time since last request: 0.000635 seconds.
  path: Assets/Free Asset - 2D Handcrafted Art/Sprite/Surface1/Surface2-animation_18.png
  artifactKey: Guid(6f8d4fc3cb7e08a4badbc80830bc8a70) Importer(815301076,1909f56bfc062723c751e8b465ee728b)
Start importing Assets/Free Asset - 2D Handcrafted Art/Sprite/Surface1/Surface2-animation_18.png using Guid(6f8d4fc3cb7e08a4badbc80830bc8a70) Importer(815301076,1909f56bfc062723c751e8b465ee728b)  -> (artifact id: '0ff1f041e846808b18010bdb4f02ee79') in 0.054223 seconds 
========================================================================
Received Import Request.
  Time since last request: 0.000392 seconds.
  path: Assets/Free Asset - 2D Handcrafted Art/Sprite/Surface1/Surface2-animation_13.png
  artifactKey: Guid(ce1fab5cbdabc5c4885306f03b245fd4) Importer(815301076,1909f56bfc062723c751e8b465ee728b)
Start importing Assets/Free Asset - 2D Handcrafted Art/Sprite/Surface1/Surface2-animation_13.png using Guid(ce1fab5cbdabc5c4885306f03b245fd4) Importer(815301076,1909f56bfc062723c751e8b465ee728b)  -> (artifact id: 'a66b4fc57a6f7ab64c78c94aecc76798') in 0.039031 seconds 
========================================================================
Received Import Request.
  Time since last request: 0.000502 seconds.
  path: Assets/Free Asset - 2D Handcrafted Art/Sprite/WaterDrop.png
  artifactKey: Guid(35918f6e079a0b04fa52f4d4f14dad6e) Importer(815301076,1909f56bfc062723c751e8b465ee728b)
Start importing Assets/Free Asset - 2D Handcrafted Art/Sprite/WaterDrop.png using Guid(35918f6e079a0b04fa52f4d4f14dad6e) Importer(815301076,1909f56bfc062723c751e8b465ee728b)  -> (artifact id: '12fa40badb34acf1f329393282526af6') in 0.036271 seconds 
========================================================================
Received Import Request.
  Time since last request: 0.000270 seconds.
  path: Assets/Free Asset - 2D Handcrafted Art/Sprite/Surface1/Surface2-animation_44.png
  artifactKey: Guid(5b93cf62423b8d04d9f07b31567df4bc) Importer(815301076,1909f56bfc062723c751e8b465ee728b)
Start importing Assets/Free Asset - 2D Handcrafted Art/Sprite/Surface1/Surface2-animation_44.png using Guid(5b93cf62423b8d04d9f07b31567df4bc) Importer(815301076,1909f56bfc062723c751e8b465ee728b)  -> (artifact id: 'e10eab66a1831868114ceb81993f3992') in 0.050339 seconds 
========================================================================
Received Import Request.
  Time since last request: 0.000347 seconds.
  path: Assets/Free Asset - 2D Handcrafted Art/Sprite/Moss2/Moss2-animation_7.png
  artifactKey: Guid(2778c306f92c66f42a3197df88a9d0c8) Importer(815301076,1909f56bfc062723c751e8b465ee728b)
Start importing Assets/Free Asset - 2D Handcrafted Art/Sprite/Moss2/Moss2-animation_7.png using Guid(2778c306f92c66f42a3197df88a9d0c8) Importer(815301076,1909f56bfc062723c751e8b465ee728b)  -> (artifact id: '45b9be1aad524bd65f4224cd426812c1') in 0.025397 seconds 
========================================================================
Received Import Request.
  Time since last request: 0.000380 seconds.
  path: Assets/Free Asset - 2D Handcrafted Art/Sprite/Surface1/Surface2-animation_45.png
  artifactKey: Guid(6c67ebf51be58684698ffb1fc4bf433d) Importer(815301076,1909f56bfc062723c751e8b465ee728b)
Start importing Assets/Free Asset - 2D Handcrafted Art/Sprite/Surface1/Surface2-animation_45.png using Guid(6c67ebf51be58684698ffb1fc4bf433d) Importer(815301076,1909f56bfc062723c751e8b465ee728b)  -> (artifact id: 'e10353630145333eecd68649b6c34d80') in 0.130905 seconds 
========================================================================
Received Import Request.
  Time since last request: 0.000419 seconds.
  path: Assets/Free Asset - 2D Handcrafted Art/Sprite/Moss2/Moss2-animation_6.png
  artifactKey: Guid(b5ed45dcba661b94584715aed9598b3f) Importer(815301076,1909f56bfc062723c751e8b465ee728b)
Start importing Assets/Free Asset - 2D Handcrafted Art/Sprite/Moss2/Moss2-animation_6.png using Guid(b5ed45dcba661b94584715aed9598b3f) Importer(815301076,1909f56bfc062723c751e8b465ee728b)  -> (artifact id: '2aa24abae821c7acae43f1865452c00c') in 0.063586 seconds 
========================================================================
Received Import Request.
  Time since last request: 0.000456 seconds.
  path: Assets/Arts/Head/Head0000.png
  artifactKey: Guid(b7de24dc6c5867846977a1e3ee06f5b9) Importer(815301076,1909f56bfc062723c751e8b465ee728b)
Start importing Assets/Arts/Head/Head0000.png using Guid(b7de24dc6c5867846977a1e3ee06f5b9) Importer(815301076,1909f56bfc062723c751e8b465ee728b)  -> (artifact id: 'b41f6d3c8fd348dffa1783f8dce2aff1') in 0.018346 seconds 
========================================================================
Received Import Request.
  Time since last request: 0.000396 seconds.
  path: Assets/Free Asset - 2D Handcrafted Art/Sprite/Surface1/Surface2-animation_14.png
  artifactKey: Guid(739c89f1be15c5f44a471162fbe8ee49) Importer(815301076,1909f56bfc062723c751e8b465ee728b)
Start importing Assets/Free Asset - 2D Handcrafted Art/Sprite/Surface1/Surface2-animation_14.png using Guid(739c89f1be15c5f44a471162fbe8ee49) Importer(815301076,1909f56bfc062723c751e8b465ee728b)  -> (artifact id: '2b5306a2d845cd770527c398966391f5') in 0.109646 seconds 
========================================================================
Received Import Request.
  Time since last request: 0.000410 seconds.
  path: Assets/Free Asset - 2D Handcrafted Art/Sprite/Surface1/Surface2-animation_15.png
  artifactKey: Guid(36d4d9f01c5eb7a4e96d262fd67be8c8) Importer(815301076,1909f56bfc062723c751e8b465ee728b)
Start importing Assets/Free Asset - 2D Handcrafted Art/Sprite/Surface1/Surface2-animation_15.png using Guid(36d4d9f01c5eb7a4e96d262fd67be8c8) Importer(815301076,1909f56bfc062723c751e8b465ee728b)  -> (artifact id: '99ec9f8b47b0af40b7ee90c7a06955e3') in 0.107203 seconds 
========================================================================
Received Import Request.
  Time since last request: 0.000454 seconds.
  path: Assets/Free Asset - 2D Handcrafted Art/Sprite/Sprite3.png
  artifactKey: Guid(6167b5d3cb29d52488e611c0cb2a074c) Importer(815301076,1909f56bfc062723c751e8b465ee728b)
Start importing Assets/Free Asset - 2D Handcrafted Art/Sprite/Sprite3.png using Guid(6167b5d3cb29d52488e611c0cb2a074c) Importer(815301076,1909f56bfc062723c751e8b465ee728b)  -> (artifact id: '5339fee9ac4a9a42f24514b01234605a') in 0.582751 seconds 
========================================================================
Received Import Request.
  Time since last request: 0.000941 seconds.
  path: Assets/Arts/Hand/Hand0002.png
  artifactKey: Guid(108359862b86900448ce657276971f5e) Importer(815301076,1909f56bfc062723c751e8b465ee728b)
Start importing Assets/Arts/Hand/Hand0002.png using Guid(108359862b86900448ce657276971f5e) Importer(815301076,1909f56bfc062723c751e8b465ee728b)  -> (artifact id: '62f258ec24a8395a96c33b001b70b2f0') in 0.032633 seconds 
========================================================================
Received Import Request.
  Time since last request: 0.000384 seconds.
  path: Assets/Arts/Hand/Hand0001.png
  artifactKey: Guid(939229d9f7dc25045a52a1b4f26e7aa8) Importer(815301076,1909f56bfc062723c751e8b465ee728b)
Start importing Assets/Arts/Hand/Hand0001.png using Guid(939229d9f7dc25045a52a1b4f26e7aa8) Importer(815301076,1909f56bfc062723c751e8b465ee728b)  -> (artifact id: 'c751e4f5e982edce210c65fd9bd7a02c') in 0.029177 seconds 
========================================================================
Received Import Request.
  Time since last request: 0.000414 seconds.
  path: Assets/Free Asset - 2D Handcrafted Art/Sprite/Surface1/Surface2-animation_16.png
  artifactKey: Guid(f913aeef6288ead41aca3c145d8acc26) Importer(815301076,1909f56bfc062723c751e8b465ee728b)
Start importing Assets/Free Asset - 2D Handcrafted Art/Sprite/Surface1/Surface2-animation_16.png using Guid(f913aeef6288ead41aca3c145d8acc26) Importer(815301076,1909f56bfc062723c751e8b465ee728b)  -> (artifact id: '9a31d301bb96446ba021b4ec7ab5e60d') in 0.058211 seconds 
========================================================================
Received Import Request.
  Time since last request: 0.000429 seconds.
  path: Assets/Free Asset - 2D Handcrafted Art/Sprite/Moss2/Moss2-animation_8.png
  artifactKey: Guid(f9e3cf84e5606e241820bd740de7622b) Importer(815301076,1909f56bfc062723c751e8b465ee728b)
Start importing Assets/Free Asset - 2D Handcrafted Art/Sprite/Moss2/Moss2-animation_8.png using Guid(f9e3cf84e5606e241820bd740de7622b) Importer(815301076,1909f56bfc062723c751e8b465ee728b)  -> (artifact id: 'eb6f47f6f75f4abce4c85d6b791b12a6') in 0.049426 seconds 
========================================================================
Received Import Request.
  Time since last request: 0.000491 seconds.
  path: Assets/Free Asset - 2D Handcrafted Art/Sprite/Moss2/Moss2-animation_0.png
  artifactKey: Guid(c5af53caad5560246b3ef06e0240e46e) Importer(815301076,1909f56bfc062723c751e8b465ee728b)
Start importing Assets/Free Asset - 2D Handcrafted Art/Sprite/Moss2/Moss2-animation_0.png using Guid(c5af53caad5560246b3ef06e0240e46e) Importer(815301076,1909f56bfc062723c751e8b465ee728b)  -> (artifact id: 'eccaa5e38f8b62c9315389a75bb1e523') in 0.034268 seconds 
========================================================================
Received Import Request.
  Time since last request: 0.000460 seconds.
  path: Assets/Free Asset - 2D Handcrafted Art/Sprite/Surface1/Surface2-animation_12.png
  artifactKey: Guid(8dc872511dfda7243849870378338dbd) Importer(815301076,1909f56bfc062723c751e8b465ee728b)
Start importing Assets/Free Asset - 2D Handcrafted Art/Sprite/Surface1/Surface2-animation_12.png using Guid(8dc872511dfda7243849870378338dbd) Importer(815301076,1909f56bfc062723c751e8b465ee728b)  -> (artifact id: '77bc891c2f8a912e47fbf7de30705d58') in 0.046188 seconds 
========================================================================
Received Import Request.
  Time since last request: 0.000474 seconds.
  path: Assets/Free Asset - 2D Handcrafted Art/Sprite/Surface1/Surface2-animation_47.png
  artifactKey: Guid(95042513155cde044a97820b0425efdb) Importer(815301076,1909f56bfc062723c751e8b465ee728b)
Start importing Assets/Free Asset - 2D Handcrafted Art/Sprite/Surface1/Surface2-animation_47.png using Guid(95042513155cde044a97820b0425efdb) Importer(815301076,1909f56bfc062723c751e8b465ee728b)  -> (artifact id: 'f05d253c8d0f0b8eab38df8ce8aa1cb7') in 0.045782 seconds 
========================================================================
Received Import Request.
  Time since last request: 0.000421 seconds.
  path: Assets/Free Asset - 2D Handcrafted Art/Sprite/Moss2/Moss2-animation_50.png
  artifactKey: Guid(8ad8ddce4d33cd24b992439b527779fb) Importer(815301076,1909f56bfc062723c751e8b465ee728b)
Start importing Assets/Free Asset - 2D Handcrafted Art/Sprite/Moss2/Moss2-animation_50.png using Guid(8ad8ddce4d33cd24b992439b527779fb) Importer(815301076,1909f56bfc062723c751e8b465ee728b)  -> (artifact id: 'e1336169d2fda30e12d1a198c98553e6') in 0.039846 seconds 
========================================================================
Received Import Request.
  Time since last request: 0.000496 seconds.
  path: Assets/Free Asset - 2D Handcrafted Art/Sprite/Surface1/Surface2-animation_42.png
  artifactKey: Guid(3f88ee95aaf920448a2543b84dbfcf17) Importer(815301076,1909f56bfc062723c751e8b465ee728b)
Start importing Assets/Free Asset - 2D Handcrafted Art/Sprite/Surface1/Surface2-animation_42.png using Guid(3f88ee95aaf920448a2543b84dbfcf17) Importer(815301076,1909f56bfc062723c751e8b465ee728b)  -> (artifact id: 'ee6cbbe11df7e4fbcd7d9587bdca0da3') in 0.045760 seconds 
========================================================================
Received Prepare
Refreshing native plugins compatible for Editor in 7.40 ms, found 1 plugins.
Preloading 0 native plugins for Editor in 0.00 ms.
Unloading 12 Unused Serialized files (Serialized files now loaded: 0)
System memory in use before: 67.8 MB.
System memory in use after: 68.0 MB.

Unloading 12 unused Assets to reduce memory usage. Loaded Objects now: 3093.
Total: 6.709700 ms (FindLiveObjects: 0.887300 ms CreateObjectMapping: 0.353300 ms MarkObjects: 5.406500 ms  DeleteObjects: 0.061200 ms)

========================================================================
Received Prepare
Refreshing native plugins compatible for Editor in 9.03 ms, found 1 plugins.
Preloading 0 native plugins for Editor in 0.00 ms.
Unloading 12 Unused Serialized files (Serialized files now loaded: 0)
System memory in use before: 67.8 MB.
System memory in use after: 68.0 MB.

Unloading 12 unused Assets to reduce memory usage. Loaded Objects now: 3093.
Total: 5.351200 ms (FindLiveObjects: 0.342300 ms CreateObjectMapping: 0.070200 ms MarkObjects: 4.911500 ms  DeleteObjects: 0.025800 ms)

========================================================================
Received Prepare
Refreshing native plugins compatible for Editor in 10.68 ms, found 1 plugins.
Preloading 0 native plugins for Editor in 0.00 ms.
Unloading 12 Unused Serialized files (Serialized files now loaded: 0)
System memory in use before: 67.8 MB.
System memory in use after: 68.0 MB.

Unloading 12 unused Assets to reduce memory usage. Loaded Objects now: 3093.
Total: 8.170100 ms (FindLiveObjects: 0.714100 ms CreateObjectMapping: 0.229900 ms MarkObjects: 7.189000 ms  DeleteObjects: 0.035200 ms)

========================================================================
Received Prepare
Refreshing native plugins compatible for Editor in 8.35 ms, found 1 plugins.
Preloading 0 native plugins for Editor in 0.00 ms.
Unloading 12 Unused Serialized files (Serialized files now loaded: 0)
System memory in use before: 67.8 MB.
System memory in use after: 68.0 MB.

Unloading 12 unused Assets to reduce memory usage. Loaded Objects now: 3093.
Total: 5.391800 ms (FindLiveObjects: 0.375500 ms CreateObjectMapping: 0.066400 ms MarkObjects: 4.912600 ms  DeleteObjects: 0.035800 ms)

========================================================================
Received Prepare
Refreshing native plugins compatible for Editor in 8.05 ms, found 1 plugins.
Preloading 0 native plugins for Editor in 0.00 ms.
Unloading 12 Unused Serialized files (Serialized files now loaded: 0)
System memory in use before: 67.8 MB.
System memory in use after: 68.0 MB.

Unloading 12 unused Assets to reduce memory usage. Loaded Objects now: 3093.
Total: 5.292500 ms (FindLiveObjects: 0.377500 ms CreateObjectMapping: 0.080900 ms MarkObjects: 4.809700 ms  DeleteObjects: 0.022500 ms)

========================================================================
Received Prepare
Refreshing native plugins compatible for Editor in 6.48 ms, found 1 plugins.
Preloading 0 native plugins for Editor in 0.00 ms.
Unloading 12 Unused Serialized files (Serialized files now loaded: 0)
System memory in use before: 67.8 MB.
System memory in use after: 68.0 MB.

Unloading 12 unused Assets to reduce memory usage. Loaded Objects now: 3093.
Total: 5.496800 ms (FindLiveObjects: 0.360800 ms CreateObjectMapping: 0.068900 ms MarkObjects: 5.039600 ms  DeleteObjects: 0.025100 ms)

========================================================================
Received Prepare
Refreshing native plugins compatible for Editor in 7.12 ms, found 1 plugins.
Preloading 0 native plugins for Editor in 0.00 ms.
Unloading 12 Unused Serialized files (Serialized files now loaded: 0)
System memory in use before: 67.8 MB.
System memory in use after: 68.0 MB.

Unloading 12 unused Assets to reduce memory usage. Loaded Objects now: 3093.
Total: 5.700100 ms (FindLiveObjects: 0.317800 ms CreateObjectMapping: 0.069100 ms MarkObjects: 5.281300 ms  DeleteObjects: 0.030500 ms)

========================================================================
Received Prepare
Refreshing native plugins compatible for Editor in 6.84 ms, found 1 plugins.
Preloading 0 native plugins for Editor in 0.00 ms.
Unloading 12 Unused Serialized files (Serialized files now loaded: 0)
System memory in use before: 67.8 MB.
System memory in use after: 68.0 MB.

Unloading 12 unused Assets to reduce memory usage. Loaded Objects now: 3093.
Total: 6.222700 ms (FindLiveObjects: 0.331800 ms CreateObjectMapping: 0.069700 ms MarkObjects: 5.792500 ms  DeleteObjects: 0.027100 ms)

========================================================================
Received Prepare
Registering precompiled user dll's ...
Registered in 0.012272 seconds.
Begin MonoManager ReloadAssembly
Native extension for WindowsStandalone target not found
Native extension for WebGL target not found
Refreshing native plugins compatible for Editor in 0.61 ms, found 1 plugins.
Preloading 0 native plugins for Editor in 0.00 ms.
Unable to allocate new scene culling mask
UnityEngine.StackTraceUtility:ExtractStackTrace ()
UnityEditor.SceneManagement.EditorSceneManager:NewPreviewScene (bool)
UnityEditor.SceneManagement.EditorSceneManager:NewPreviewScene ()
UnityEditor.PreviewScene:.ctor (string)
UnityEditor.PreviewRenderUtility:.ctor ()
UnityEditor.Texture3DPreview:InitPreviewUtility ()
UnityEditor.Texture3DPreview:OnEnable ()

[E:\unity\Editor/Src/SceneManager/EditorSceneManager.cpp line 672]

Unable to allocate new scene culling mask
UnityEngine.StackTraceUtility:ExtractStackTrace ()
UnityEditor.SceneManagement.EditorSceneManager:NewPreviewScene (bool)
UnityEditor.SceneManagement.EditorSceneManager:NewPreviewScene ()
UnityEditor.PreviewScene:.ctor (string)
UnityEditor.PreviewRenderUtility:.ctor ()
UnityEditor.Texture3DPreview:InitPreviewUtility ()
UnityEditor.Texture3DPreview:OnEnable ()

[E:\unity\Editor/Src/SceneManager/EditorSceneManager.cpp line 672]

Unable to allocate new scene culling mask
UnityEngine.StackTraceUtility:ExtractStackTrace ()
UnityEditor.SceneManagement.EditorSceneManager:NewPreviewScene (bool)
UnityEditor.SceneManagement.EditorSceneManager:NewPreviewScene ()
UnityEditor.PreviewScene:.ctor (string)
UnityEditor.PreviewRenderUtility:.ctor ()
UnityEditor.Texture3DPreview:InitPreviewUtility ()
UnityEditor.Texture3DPreview:OnEnable ()

[E:\unity\Editor/Src/SceneManager/EditorSceneManager.cpp line 672]

Unable to allocate new scene culling mask
UnityEngine.StackTraceUtility:ExtractStackTrace ()
UnityEditor.SceneManagement.EditorSceneManager:NewPreviewScene (bool)
UnityEditor.SceneManagement.EditorSceneManager:NewPreviewScene ()
UnityEditor.PreviewScene:.ctor (string)
UnityEditor.PreviewRenderUtility:.ctor ()
UnityEditor.Texture3DPreview:InitPreviewUtility ()
UnityEditor.Texture3DPreview:OnEnable ()

[E:\unity\Editor/Src/SceneManager/EditorSceneManager.cpp line 672]

Unable to allocate new scene culling mask
UnityEngine.StackTraceUtility:ExtractStackTrace ()
UnityEditor.SceneManagement.EditorSceneManager:NewPreviewScene (bool)
UnityEditor.SceneManagement.EditorSceneManager:NewPreviewScene ()
UnityEditor.PreviewScene:.ctor (string)
UnityEditor.PreviewRenderUtility:.ctor ()
UnityEditor.Texture3DPreview:InitPreviewUtility ()
UnityEditor.Texture3DPreview:OnEnable ()

[E:\unity\Editor/Src/SceneManager/EditorSceneManager.cpp line 672]

Unable to allocate new scene culling mask
UnityEngine.StackTraceUtility:ExtractStackTrace ()
UnityEditor.SceneManagement.EditorSceneManager:NewPreviewScene (bool)
UnityEditor.SceneManagement.EditorSceneManager:NewPreviewScene ()
UnityEditor.PreviewScene:.ctor (string)
UnityEditor.PreviewRenderUtility:.ctor ()
UnityEditor.Texture3DPreview:InitPreviewUtility ()
UnityEditor.Texture3DPreview:OnEnable ()

[E:\unity\Editor/Src/SceneManager/EditorSceneManager.cpp line 672]

Unable to allocate new scene culling mask
UnityEngine.StackTraceUtility:ExtractStackTrace ()
UnityEditor.SceneManagement.EditorSceneManager:NewPreviewScene (bool)
UnityEditor.SceneManagement.EditorSceneManager:NewPreviewScene ()
UnityEditor.PreviewScene:.ctor (string)
UnityEditor.PreviewRenderUtility:.ctor ()
UnityEditor.Texture3DPreview:InitPreviewUtility ()
UnityEditor.Texture3DPreview:OnEnable ()

[E:\unity\Editor/Src/SceneManager/EditorSceneManager.cpp line 672]

Unable to allocate new scene culling mask
UnityEngine.StackTraceUtility:ExtractStackTrace ()
UnityEditor.SceneManagement.EditorSceneManager:NewPreviewScene (bool)
UnityEditor.SceneManagement.EditorSceneManager:NewPreviewScene ()
UnityEditor.PreviewScene:.ctor (string)
UnityEditor.PreviewRenderUtility:.ctor ()
UnityEditor.Texture3DPreview:InitPreviewUtility ()
UnityEditor.Texture3DPreview:OnEnable ()

[E:\unity\Editor/Src/SceneManager/EditorSceneManager.cpp line 672]

Unable to allocate new scene culling mask
UnityEngine.StackTraceUtility:ExtractStackTrace ()
UnityEditor.SceneManagement.EditorSceneManager:NewPreviewScene (bool)
UnityEditor.SceneManagement.EditorSceneManager:NewPreviewScene ()
UnityEditor.PreviewScene:.ctor (string)
UnityEditor.PreviewRenderUtility:.ctor ()
UnityEditor.Texture3DPreview:InitPreviewUtility ()
UnityEditor.Texture3DPreview:OnEnable ()

[E:\unity\Editor/Src/SceneManager/EditorSceneManager.cpp line 672]

Unable to allocate new scene culling mask
UnityEngine.StackTraceUtility:ExtractStackTrace ()
UnityEditor.SceneManagement.EditorSceneManager:NewPreviewScene (bool)
UnityEditor.SceneManagement.EditorSceneManager:NewPreviewScene ()
UnityEditor.PreviewScene:.ctor (string)
UnityEditor.PreviewRenderUtility:.ctor ()
UnityEditor.Texture3DPreview:InitPreviewUtility ()
UnityEditor.Texture3DPreview:OnEnable ()

[E:\unity\Editor/Src/SceneManager/EditorSceneManager.cpp line 672]

Unable to allocate new scene culling mask
UnityEngine.StackTraceUtility:ExtractStackTrace ()
UnityEditor.SceneManagement.EditorSceneManager:NewPreviewScene (bool)
UnityEditor.SceneManagement.EditorSceneManager:NewPreviewScene ()
UnityEditor.PreviewScene:.ctor (string)
UnityEditor.PreviewRenderUtility:.ctor ()
UnityEditor.Texture3DPreview:InitPreviewUtility ()
UnityEditor.Texture3DPreview:OnEnable ()

[E:\unity\Editor/Src/SceneManager/EditorSceneManager.cpp line 672]

Unable to allocate new scene culling mask
UnityEngine.StackTraceUtility:ExtractStackTrace ()
UnityEditor.SceneManagement.EditorSceneManager:NewPreviewScene (bool)
UnityEditor.SceneManagement.EditorSceneManager:NewPreviewScene ()
UnityEditor.PreviewScene:.ctor (string)
UnityEditor.PreviewRenderUtility:.ctor ()
UnityEditor.Texture3DPreview:InitPreviewUtility ()
UnityEditor.Texture3DPreview:OnEnable ()

[E:\unity\Editor/Src/SceneManager/EditorSceneManager.cpp line 672]

Unable to allocate new scene culling mask
UnityEngine.StackTraceUtility:ExtractStackTrace ()
UnityEditor.SceneManagement.EditorSceneManager:NewPreviewScene (bool)
UnityEditor.SceneManagement.EditorSceneManager:NewPreviewScene ()
UnityEditor.PreviewScene:.ctor (string)
UnityEditor.PreviewRenderUtility:.ctor ()
UnityEditor.Texture3DPreview:InitPreviewUtility ()
UnityEditor.Texture3DPreview:OnEnable ()

[E:\unity\Editor/Src/SceneManager/EditorSceneManager.cpp line 672]

Unable to allocate new scene culling mask
UnityEngine.StackTraceUtility:ExtractStackTrace ()
UnityEditor.SceneManagement.EditorSceneManager:NewPreviewScene (bool)
UnityEditor.SceneManagement.EditorSceneManager:NewPreviewScene ()
UnityEditor.PreviewScene:.ctor (string)
UnityEditor.PreviewRenderUtility:.ctor ()
UnityEditor.Texture3DPreview:InitPreviewUtility ()
UnityEditor.Texture3DPreview:OnEnable ()

[E:\unity\Editor/Src/SceneManager/EditorSceneManager.cpp line 672]

Unable to allocate new scene culling mask
UnityEngine.StackTraceUtility:ExtractStackTrace ()
UnityEditor.SceneManagement.EditorSceneManager:NewPreviewScene (bool)
UnityEditor.SceneManagement.EditorSceneManager:NewPreviewScene ()
UnityEditor.PreviewScene:.ctor (string)
UnityEditor.PreviewRenderUtility:.ctor ()
UnityEditor.Texture3DPreview:InitPreviewUtility ()
UnityEditor.Texture3DPreview:OnEnable ()

[E:\unity\Editor/Src/SceneManager/EditorSceneManager.cpp line 672]

Unable to allocate new scene culling mask
UnityEngine.StackTraceUtility:ExtractStackTrace ()
UnityEditor.SceneManagement.EditorSceneManager:NewPreviewScene (bool)
UnityEditor.SceneManagement.EditorSceneManager:NewPreviewScene ()
UnityEditor.PreviewScene:.ctor (string)
UnityEditor.PreviewRenderUtility:.ctor ()
UnityEditor.Texture3DPreview:InitPreviewUtility ()
UnityEditor.Texture3DPreview:OnEnable ()

[E:\unity\Editor/Src/SceneManager/EditorSceneManager.cpp line 672]

Mono: successfully reloaded assembly
- Completed reload, in  6.594 seconds
Platform modules already initialized, skipping
Refreshing native plugins compatible for Editor in 0.66 ms, found 1 plugins.
Preloading 0 native plugins for Editor in 0.00 ms.
Unloading 2466 Unused Serialized files (Serialized files now loaded: 0)
System memory in use before: 215.3 MB.
System memory in use after: 215.5 MB.

Unloading 14 unused Assets to reduce memory usage. Loaded Objects now: 4175.
Total: 9.370600 ms (FindLiveObjects: 0.801700 ms CreateObjectMapping: 0.178700 ms MarkObjects: 8.339600 ms  DeleteObjects: 0.049000 ms)

========================================================================
Received Prepare
Refreshing native plugins compatible for Editor in 14.84 ms, found 1 plugins.
Preloading 0 native plugins for Editor in 0.00 ms.
Unloading 12 Unused Serialized files (Serialized files now loaded: 0)
System memory in use before: 164.8 MB.
System memory in use after: 165.0 MB.

Unloading 12 unused Assets to reduce memory usage. Loaded Objects now: 4175.
Total: 84.998400 ms (FindLiveObjects: 4.892400 ms CreateObjectMapping: 0.298700 ms MarkObjects: 62.492200 ms  DeleteObjects: 17.311200 ms)

========================================================================
Received Prepare
Refreshing native plugins compatible for Editor in 22.58 ms, found 1 plugins.
Preloading 0 native plugins for Editor in 0.00 ms.
Unloading 12 Unused Serialized files (Serialized files now loaded: 0)
System memory in use before: 164.8 MB.
System memory in use after: 165.0 MB.

Unloading 12 unused Assets to reduce memory usage. Loaded Objects now: 4175.
Total: 58.630200 ms (FindLiveObjects: 5.242100 ms CreateObjectMapping: 0.397800 ms MarkObjects: 52.945600 ms  DeleteObjects: 0.041600 ms)

AssetImportWorkerClient::OnTransportError - code=2 error=End of file
